Commit made at Sun Feb  9 12:39:09 UTC 2025
Commit made at Sun Feb  9 12:43:01 UTC 2025
Commit made at Mon Feb 10 03:00:32 UTC 2025
Commit made at Tue Feb 11 02:59:37 UTC 2025
Commit made at Wed Feb 12 02:58:28 UTC 2025
Commit made at Thu Feb 13 02:59:23 UTC 2025
Commit made at Fri Feb 14 02:58:45 UTC 2025
Commit made at Sat Feb 15 02:58:00 UTC 2025
Commit made at Sun Feb 16 03:03:35 UTC 2025
Commit made at Mon Feb 17 03:02:49 UTC 2025
Commit made at Tue Feb 18 02:58:14 UTC 2025
Commit made at Wed Feb 19 03:00:21 UTC 2025
Commit made at Thu Feb 20 03:00:25 UTC 2025
Commit made at Fri Feb 21 03:00:51 UTC 2025
Commit made at Sat Feb 22 02:57:39 UTC 2025
Commit made at Sun Feb 23 03:04:04 UTC 2025
Commit made at Mon Feb 24 03:04:50 UTC 2025
Commit made at Tue Feb 25 03:03:56 UTC 2025
Commit made at Wed Feb 26 03:03:01 UTC 2025
Commit made at Thu Feb 27 03:04:11 UTC 2025
Commit made at Fri Feb 28 03:04:25 UTC 2025
Commit made at Sat Mar  1 03:08:50 UTC 2025
Commit made at Sun Mar  2 03:06:35 UTC 2025
Commit made at Mon Mar  3 03:06:38 UTC 2025
Commit made at Tue Mar  4 03:06:20 UTC 2025
Commit made at Wed Mar  5 03:05:20 UTC 2025
Commit made at Thu Mar  6 03:06:11 UTC 2025
Commit made at Fri Mar  7 03:06:42 UTC 2025
Commit made at Sat Mar  8 02:43:21 UTC 2025
Commit made at Sun Mar  9 02:46:03 UTC 2025
Commit made at Mon Mar 10 02:45:40 UTC 2025
Commit made at Tue Mar 11 03:07:03 UTC 2025
Commit made at Wed Mar 12 03:05:55 UTC 2025
Commit made at Thu Mar 13 03:07:39 UTC 2025
Commit made at Fri Mar 14 03:05:48 UTC 2025
Commit made at Sat Mar 15 03:04:26 UTC 2025
Commit made at Sun Mar 16 03:10:41 UTC 2025
Commit made at Mon Mar 17 03:09:55 UTC 2025
Commit made at Tue Mar 18 03:09:21 UTC 2025
Commit made at Wed Mar 19 03:08:29 UTC 2025
Commit made at Thu Mar 20 03:07:36 UTC 2025
Commit made at Fri Mar 21 03:09:26 UTC 2025
Commit made at Sat Mar 22 03:08:28 UTC 2025
Commit made at Sun Mar 23 03:12:59 UTC 2025
Commit made at Mon Mar 24 03:13:32 UTC 2025
Commit made at Tue Mar 25 03:10:40 UTC 2025
Commit made at Wed Mar 26 03:09:21 UTC 2025
Commit made at Thu Mar 27 03:10:19 UTC 2025
Commit made at Fri Mar 28 03:11:32 UTC 2025
Commit made at Sat Mar 29 03:08:44 UTC 2025
Commit made at Sun Mar 30 03:23:46 UTC 2025
Commit made at Mon Mar 31 03:24:05 UTC 2025
Commit made at Tue Apr  1 03:28:49 UTC 2025
Commit made at Wed Apr  2 03:11:58 UTC 2025
Commit made at Thu Apr  3 03:11:14 UTC 2025
Commit made at Fri Apr  4 03:10:43 UTC 2025
Commit made at Sat Apr  5 03:09:19 UTC 2025
Commit made at Sun Apr  6 03:13:44 UTC 2025
Commit made at Mon Apr  7 03:22:27 UTC 2025
Commit made at Tue Apr  8 03:11:19 UTC 2025
